<?xml version="1.0" encoding="UTF-8"?>
<testsuite name="PostmanTest" tests="1" skipped="0" failures="0" errors="0" timestamp="2023-09-20T10:34:19" hostname="DESKTOP-FH931KS" time="6.075">
  <properties/>
  <testcase name="shouldReturnPost()" classname="PostmanTest" time="6.075"/>
  <system-out><![CDATA[]]></system-out>
  <system-err><![CDATA[]]></system-err>
</testsuite>
